[2023-06-12 12:57:33,321] SAIEMASUS-i7/INFO/locust.main: Starting web interface at http://0.0.0.0:8089 (accepting connections from all network interfaces)
[2023-06-12 12:57:33,333] SAIEMASUS-i7/INFO/locust.main: Starting Locust 2.15.1
[2023-06-12 12:57:47,156] SAIEMASUS-i7/INFO/locust.runners: Ramping to 50 users at a rate of 1.00 per second
[2023-06-12 12:57:47,156] SAIEMASUS-i7/DEBUG/locust.runners: Ramping to {"PerformanceTests": 1} (1 total users)
[2023-06-12 12:57:47,156] SAIEMASUS-i7/DEBUG/locust.runners: Spawning additional {"PerformanceTests": 1} ({"PerformanceTests": 0} already running)...
[2023-06-12 12:57:47,157] SAIEMASUS-i7/DEBUG/locust.runners: 1 users spawned
[2023-06-12 12:57:47,157] SAIEMASUS-i7/DEBUG/locust.runners: All users of class PerformanceTests spawned
[2023-06-12 12:57:47,158] SAIEMASUS-i7/DEBUG/locust.runners: 0 users have been stopped, 1 still running
[2023-06-12 12:57:47,330] SAIEMASUS-i7/DEBUG/urllib3.connectionpool: Starting new HTTP connection (1): localhost:7000
[2023-06-12 12:57:48,160] SAIEMASUS-i7/DEBUG/locust.runners: Ramping to {"PerformanceTests": 2} (2 total users)
[2023-06-12 12:57:48,161] SAIEMASUS-i7/DEBUG/locust.runners: Spawning additional {"PerformanceTests": 1} ({"PerformanceTests": 1} already running)...
[2023-06-12 12:57:48,161] SAIEMASUS-i7/DEBUG/locust.runners: 2 users spawned
[2023-06-12 12:57:48,161] SAIEMASUS-i7/DEBUG/locust.runners: All users of class PerformanceTests spawned
[2023-06-12 12:57:48,162] SAIEMASUS-i7/DEBUG/locust.runners: 0 users have been stopped, 2 still running
[2023-06-12 12:57:48,318] SAIEMASUS-i7/DEBUG/urllib3.connectionpool: Starting new HTTP connection (1): localhost:7000
[2023-06-12 12:57:49,160] SAIEMASUS-i7/DEBUG/locust.runners: Ramping to {"PerformanceTests": 3} (3 total users)
[2023-06-12 12:57:49,160] SAIEMASUS-i7/DEBUG/locust.runners: Spawning additional {"PerformanceTests": 1} ({"PerformanceTests": 2} already running)...
[2023-06-12 12:57:49,161] SAIEMASUS-i7/DEBUG/locust.runners: 3 users spawned
[2023-06-12 12:57:49,161] SAIEMASUS-i7/DEBUG/locust.runners: All users of class PerformanceTests spawned
[2023-06-12 12:57:49,161] SAIEMASUS-i7/DEBUG/locust.runners: 0 users have been stopped, 3 still running
[2023-06-12 12:57:49,304] SAIEMASUS-i7/DEBUG/urllib3.connectionpool: Starting new HTTP connection (1): localhost:7000
[2023-06-12 12:57:50,165] SAIEMASUS-i7/DEBUG/locust.runners: Ramping to {"PerformanceTests": 4} (4 total users)
[2023-06-12 12:57:50,165] SAIEMASUS-i7/DEBUG/locust.runners: Spawning additional {"PerformanceTests": 1} ({"PerformanceTests": 3} already running)...
[2023-06-12 12:57:50,165] SAIEMASUS-i7/DEBUG/locust.runners: 4 users spawned
[2023-06-12 12:57:50,165] SAIEMASUS-i7/DEBUG/locust.runners: All users of class PerformanceTests spawned
[2023-06-12 12:57:50,165] SAIEMASUS-i7/DEBUG/locust.runners: 0 users have been stopped, 4 still running
[2023-06-12 12:57:50,311] SAIEMASUS-i7/DEBUG/urllib3.connectionpool: Starting new HTTP connection (1): localhost:7000
[2023-06-12 12:57:51,172] SAIEMASUS-i7/DEBUG/locust.runners: Ramping to {"PerformanceTests": 5} (5 total users)
[2023-06-12 12:57:51,172] SAIEMASUS-i7/DEBUG/locust.runners: Spawning additional {"PerformanceTests": 1} ({"PerformanceTests": 4} already running)...
[2023-06-12 12:57:51,173] SAIEMASUS-i7/DEBUG/locust.runners: 5 users spawned
[2023-06-12 12:57:51,173] SAIEMASUS-i7/DEBUG/locust.runners: All users of class PerformanceTests spawned
[2023-06-12 12:57:51,173] SAIEMASUS-i7/DEBUG/locust.runners: 0 users have been stopped, 5 still running
[2023-06-12 12:57:51,329] SAIEMASUS-i7/DEBUG/urllib3.connectionpool: Starting new HTTP connection (1): localhost:7000
[2023-06-12 12:57:51,530] SAIEMASUS-i7/DEBUG/urllib3.connectionpool: http://localhost:7000 "GET /py/cfb/game/401414779 HTTP/1.1" 200 2550573
[2023-06-12 12:57:51,536] SAIEMASUS-i7/INFO/root: 200
[2023-06-12 12:57:52,187] SAIEMASUS-i7/DEBUG/locust.runners: Ramping to {"PerformanceTests": 6} (6 total users)
[2023-06-12 12:57:52,187] SAIEMASUS-i7/DEBUG/locust.runners: Spawning additional {"PerformanceTests": 1} ({"PerformanceTests": 5} already running)...
[2023-06-12 12:57:52,187] SAIEMASUS-i7/DEBUG/locust.runners: 6 users spawned
[2023-06-12 12:57:52,188] SAIEMASUS-i7/DEBUG/locust.runners: All users of class PerformanceTests spawned
[2023-06-12 12:57:52,188] SAIEMASUS-i7/DEBUG/locust.runners: 0 users have been stopped, 6 still running
[2023-06-12 12:57:52,340] SAIEMASUS-i7/DEBUG/urllib3.connectionpool: Starting new HTTP connection (1): localhost:7000
[2023-06-12 12:57:53,198] SAIEMASUS-i7/DEBUG/locust.runners: Ramping to {"PerformanceTests": 7} (7 total users)
[2023-06-12 12:57:53,199] SAIEMASUS-i7/DEBUG/locust.runners: Spawning additional {"PerformanceTests": 1} ({"PerformanceTests": 6} already running)...
[2023-06-12 12:57:53,200] SAIEMASUS-i7/DEBUG/locust.runners: 7 users spawned
[2023-06-12 12:57:53,200] SAIEMASUS-i7/DEBUG/locust.runners: All users of class PerformanceTests spawned
[2023-06-12 12:57:53,200] SAIEMASUS-i7/DEBUG/locust.runners: 0 users have been stopped, 7 still running
[2023-06-12 12:57:53,372] SAIEMASUS-i7/DEBUG/urllib3.connectionpool: Starting new HTTP connection (1): localhost:7000
[2023-06-12 12:57:54,199] SAIEMASUS-i7/DEBUG/locust.runners: Ramping to {"PerformanceTests": 8} (8 total users)
[2023-06-12 12:57:54,200] SAIEMASUS-i7/DEBUG/locust.runners: Spawning additional {"PerformanceTests": 1} ({"PerformanceTests": 7} already running)...
[2023-06-12 12:57:54,200] SAIEMASUS-i7/DEBUG/locust.runners: 8 users spawned
[2023-06-12 12:57:54,200] SAIEMASUS-i7/DEBUG/locust.runners: All users of class PerformanceTests spawned
[2023-06-12 12:57:54,200] SAIEMASUS-i7/DEBUG/locust.runners: 0 users have been stopped, 8 still running
[2023-06-12 12:57:54,391] SAIEMASUS-i7/DEBUG/urllib3.connectionpool: Starting new HTTP connection (1): localhost:7000
[2023-06-12 12:57:55,210] SAIEMASUS-i7/DEBUG/locust.runners: Ramping to {"PerformanceTests": 9} (9 total users)
[2023-06-12 12:57:55,211] SAIEMASUS-i7/DEBUG/locust.runners: Spawning additional {"PerformanceTests": 1} ({"PerformanceTests": 8} already running)...
[2023-06-12 12:57:55,211] SAIEMASUS-i7/DEBUG/locust.runners: 9 users spawned
[2023-06-12 12:57:55,212] SAIEMASUS-i7/DEBUG/locust.runners: All users of class PerformanceTests spawned
[2023-06-12 12:57:55,212] SAIEMASUS-i7/DEBUG/locust.runners: 0 users have been stopped, 9 still running
[2023-06-12 12:57:55,468] SAIEMASUS-i7/DEBUG/urllib3.connectionpool: Starting new HTTP connection (1): localhost:7000
[2023-06-12 12:57:56,226] SAIEMASUS-i7/DEBUG/locust.runners: Ramping to {"PerformanceTests": 10} (10 total users)
[2023-06-12 12:57:56,226] SAIEMASUS-i7/DEBUG/locust.runners: Spawning additional {"PerformanceTests": 1} ({"PerformanceTests": 9} already running)...
[2023-06-12 12:57:56,227] SAIEMASUS-i7/DEBUG/locust.runners: 10 users spawned
[2023-06-12 12:57:56,227] SAIEMASUS-i7/DEBUG/locust.runners: All users of class PerformanceTests spawned
[2023-06-12 12:57:56,227] SAIEMASUS-i7/DEBUG/locust.runners: 0 users have been stopped, 10 still running
[2023-06-12 12:57:56,391] SAIEMASUS-i7/DEBUG/urllib3.connectionpool: Starting new HTTP connection (1): localhost:7000
[2023-06-12 12:57:57,226] SAIEMASUS-i7/DEBUG/locust.runners: Ramping to {"PerformanceTests": 11} (11 total users)
[2023-06-12 12:57:57,226] SAIEMASUS-i7/DEBUG/locust.runners: Spawning additional {"PerformanceTests": 1} ({"PerformanceTests": 10} already running)...
[2023-06-12 12:57:57,227] SAIEMASUS-i7/DEBUG/locust.runners: 11 users spawned
[2023-06-12 12:57:57,227] SAIEMASUS-i7/DEBUG/locust.runners: All users of class PerformanceTests spawned
[2023-06-12 12:57:57,227] SAIEMASUS-i7/DEBUG/locust.runners: 0 users have been stopped, 11 still running
[2023-06-12 12:57:57,414] SAIEMASUS-i7/DEBUG/urllib3.connectionpool: Starting new HTTP connection (1): localhost:7000
[2023-06-12 12:57:58,237] SAIEMASUS-i7/DEBUG/locust.runners: Ramping to {"PerformanceTests": 12} (12 total users)
[2023-06-12 12:57:58,238] SAIEMASUS-i7/DEBUG/locust.runners: Spawning additional {"PerformanceTests": 1} ({"PerformanceTests": 11} already running)...
[2023-06-12 12:57:58,239] SAIEMASUS-i7/DEBUG/locust.runners: 12 users spawned
[2023-06-12 12:57:58,239] SAIEMASUS-i7/DEBUG/locust.runners: All users of class PerformanceTests spawned
[2023-06-12 12:57:58,239] SAIEMASUS-i7/DEBUG/locust.runners: 0 users have been stopped, 12 still running
[2023-06-12 12:57:58,409] SAIEMASUS-i7/DEBUG/urllib3.connectionpool: Starting new HTTP connection (1): localhost:7000
[2023-06-12 12:57:59,243] SAIEMASUS-i7/DEBUG/locust.runners: Ramping to {"PerformanceTests": 13} (13 total users)
[2023-06-12 12:57:59,243] SAIEMASUS-i7/DEBUG/locust.runners: Spawning additional {"PerformanceTests": 1} ({"PerformanceTests": 12} already running)...
[2023-06-12 12:57:59,244] SAIEMASUS-i7/DEBUG/locust.runners: 13 users spawned
[2023-06-12 12:57:59,244] SAIEMASUS-i7/DEBUG/locust.runners: All users of class PerformanceTests spawned
[2023-06-12 12:57:59,244] SAIEMASUS-i7/DEBUG/locust.runners: 0 users have been stopped, 13 still running
[2023-06-12 12:57:59,393] SAIEMASUS-i7/DEBUG/urllib3.connectionpool: Starting new HTTP connection (1): localhost:7000
[2023-06-12 12:58:00,251] SAIEMASUS-i7/DEBUG/locust.runners: Ramping to {"PerformanceTests": 14} (14 total users)
[2023-06-12 12:58:00,252] SAIEMASUS-i7/DEBUG/locust.runners: Spawning additional {"PerformanceTests": 1} ({"PerformanceTests": 13} already running)...
[2023-06-12 12:58:00,252] SAIEMASUS-i7/DEBUG/locust.runners: 14 users spawned
[2023-06-12 12:58:00,252] SAIEMASUS-i7/DEBUG/locust.runners: All users of class PerformanceTests spawned
[2023-06-12 12:58:00,252] SAIEMASUS-i7/DEBUG/locust.runners: 0 users have been stopped, 14 still running
[2023-06-12 12:58:00,398] SAIEMASUS-i7/DEBUG/urllib3.connectionpool: Starting new HTTP connection (1): localhost:7000
[2023-06-12 12:58:01,265] SAIEMASUS-i7/DEBUG/locust.runners: Ramping to {"PerformanceTests": 15} (15 total users)
[2023-06-12 12:58:01,265] SAIEMASUS-i7/DEBUG/locust.runners: Spawning additional {"PerformanceTests": 1} ({"PerformanceTests": 14} already running)...
[2023-06-12 12:58:01,266] SAIEMASUS-i7/DEBUG/locust.runners: 15 users spawned
[2023-06-12 12:58:01,266] SAIEMASUS-i7/DEBUG/locust.runners: All users of class PerformanceTests spawned
[2023-06-12 12:58:01,266] SAIEMASUS-i7/DEBUG/locust.runners: 0 users have been stopped, 15 still running
[2023-06-12 12:58:01,414] SAIEMASUS-i7/DEBUG/urllib3.connectionpool: Starting new HTTP connection (1): localhost:7000
[2023-06-12 12:58:02,268] SAIEMASUS-i7/DEBUG/locust.runners: Ramping to {"PerformanceTests": 16} (16 total users)
[2023-06-12 12:58:02,269] SAIEMASUS-i7/DEBUG/locust.runners: Spawning additional {"PerformanceTests": 1} ({"PerformanceTests": 15} already running)...
[2023-06-12 12:58:02,269] SAIEMASUS-i7/DEBUG/locust.runners: 16 users spawned
[2023-06-12 12:58:02,269] SAIEMASUS-i7/DEBUG/locust.runners: All users of class PerformanceTests spawned
[2023-06-12 12:58:02,269] SAIEMASUS-i7/DEBUG/locust.runners: 0 users have been stopped, 16 still running
[2023-06-12 12:58:02,429] SAIEMASUS-i7/DEBUG/urllib3.connectionpool: Starting new HTTP connection (1): localhost:7000
[2023-06-12 12:58:02,841] SAIEMASUS-i7/DEBUG/urllib3.connectionpool: http://localhost:7000 "GET /py/cfb/game/401403936 HTTP/1.1" 200 2276944
[2023-06-12 12:58:02,848] SAIEMASUS-i7/INFO/root: 200
[2023-06-12 12:58:03,275] SAIEMASUS-i7/DEBUG/locust.runners: Ramping to {"PerformanceTests": 17} (17 total users)
[2023-06-12 12:58:03,275] SAIEMASUS-i7/DEBUG/locust.runners: Spawning additional {"PerformanceTests": 1} ({"PerformanceTests": 16} already running)...
[2023-06-12 12:58:03,275] SAIEMASUS-i7/DEBUG/locust.runners: 17 users spawned
[2023-06-12 12:58:03,276] SAIEMASUS-i7/DEBUG/locust.runners: All users of class PerformanceTests spawned
[2023-06-12 12:58:03,276] SAIEMASUS-i7/DEBUG/locust.runners: 0 users have been stopped, 17 still running
[2023-06-12 12:58:03,443] SAIEMASUS-i7/DEBUG/urllib3.connectionpool: Starting new HTTP connection (1): localhost:7000
[2023-06-12 12:58:04,278] SAIEMASUS-i7/DEBUG/locust.runners: Ramping to {"PerformanceTests": 18} (18 total users)
[2023-06-12 12:58:04,279] SAIEMASUS-i7/DEBUG/locust.runners: Spawning additional {"PerformanceTests": 1} ({"PerformanceTests": 17} already running)...
[2023-06-12 12:58:04,280] SAIEMASUS-i7/DEBUG/locust.runners: 18 users spawned
[2023-06-12 12:58:04,280] SAIEMASUS-i7/DEBUG/locust.runners: All users of class PerformanceTests spawned
[2023-06-12 12:58:04,280] SAIEMASUS-i7/DEBUG/locust.runners: 0 users have been stopped, 18 still running
[2023-06-12 12:58:04,440] SAIEMASUS-i7/DEBUG/urllib3.connectionpool: Starting new HTTP connection (1): localhost:7000
[2023-06-12 12:58:05,288] SAIEMASUS-i7/DEBUG/locust.runners: Ramping to {"PerformanceTests": 19} (19 total users)
[2023-06-12 12:58:05,289] SAIEMASUS-i7/DEBUG/locust.runners: Spawning additional {"PerformanceTests": 1} ({"PerformanceTests": 18} already running)...
[2023-06-12 12:58:05,289] SAIEMASUS-i7/DEBUG/locust.runners: 19 users spawned
[2023-06-12 12:58:05,289] SAIEMASUS-i7/DEBUG/locust.runners: All users of class PerformanceTests spawned
[2023-06-12 12:58:05,289] SAIEMASUS-i7/DEBUG/locust.runners: 0 users have been stopped, 19 still running
[2023-06-12 12:58:05,468] SAIEMASUS-i7/DEBUG/urllib3.connectionpool: Starting new HTTP connection (1): localhost:7000
[2023-06-12 12:58:06,293] SAIEMASUS-i7/DEBUG/locust.runners: Ramping to {"PerformanceTests": 20} (20 total users)
[2023-06-12 12:58:06,293] SAIEMASUS-i7/DEBUG/locust.runners: Spawning additional {"PerformanceTests": 1} ({"PerformanceTests": 19} already running)...
[2023-06-12 12:58:06,293] SAIEMASUS-i7/DEBUG/locust.runners: 20 users spawned
[2023-06-12 12:58:06,293] SAIEMASUS-i7/DEBUG/locust.runners: All users of class PerformanceTests spawned
[2023-06-12 12:58:06,294] SAIEMASUS-i7/DEBUG/locust.runners: 0 users have been stopped, 20 still running
[2023-06-12 12:58:06,464] SAIEMASUS-i7/DEBUG/urllib3.connectionpool: Starting new HTTP connection (1): localhost:7000
[2023-06-12 12:58:07,292] SAIEMASUS-i7/DEBUG/locust.runners: Ramping to {"PerformanceTests": 21} (21 total users)
[2023-06-12 12:58:07,293] SAIEMASUS-i7/DEBUG/locust.runners: Spawning additional {"PerformanceTests": 1} ({"PerformanceTests": 20} already running)...
[2023-06-12 12:58:07,293] SAIEMASUS-i7/DEBUG/locust.runners: 21 users spawned
[2023-06-12 12:58:07,293] SAIEMASUS-i7/DEBUG/locust.runners: All users of class PerformanceTests spawned
[2023-06-12 12:58:07,294] SAIEMASUS-i7/DEBUG/locust.runners: 0 users have been stopped, 21 still running
[2023-06-12 12:58:07,462] SAIEMASUS-i7/DEBUG/urllib3.connectionpool: Starting new HTTP connection (1): localhost:7000
[2023-06-12 12:58:08,299] SAIEMASUS-i7/DEBUG/locust.runners: Ramping to {"PerformanceTests": 22} (22 total users)
[2023-06-12 12:58:08,299] SAIEMASUS-i7/DEBUG/locust.runners: Spawning additional {"PerformanceTests": 1} ({"PerformanceTests": 21} already running)...
[2023-06-12 12:58:08,300] SAIEMASUS-i7/DEBUG/locust.runners: 22 users spawned
[2023-06-12 12:58:08,300] SAIEMASUS-i7/DEBUG/locust.runners: All users of class PerformanceTests spawned
[2023-06-12 12:58:08,300] SAIEMASUS-i7/DEBUG/locust.runners: 0 users have been stopped, 22 still running
[2023-06-12 12:58:08,469] SAIEMASUS-i7/DEBUG/urllib3.connectionpool: Starting new HTTP connection (1): localhost:7000
[2023-06-12 12:58:09,310] SAIEMASUS-i7/DEBUG/locust.runners: Ramping to {"PerformanceTests": 23} (23 total users)
[2023-06-12 12:58:09,310] SAIEMASUS-i7/DEBUG/locust.runners: Spawning additional {"PerformanceTests": 1} ({"PerformanceTests": 22} already running)...
[2023-06-12 12:58:09,310] SAIEMASUS-i7/DEBUG/locust.runners: 23 users spawned
[2023-06-12 12:58:09,310] SAIEMASUS-i7/DEBUG/locust.runners: All users of class PerformanceTests spawned
[2023-06-12 12:58:09,310] SAIEMASUS-i7/DEBUG/locust.runners: 0 users have been stopped, 23 still running
[2023-06-12 12:58:09,456] SAIEMASUS-i7/DEBUG/urllib3.connectionpool: Starting new HTTP connection (1): localhost:7000
[2023-06-12 12:58:10,315] SAIEMASUS-i7/DEBUG/locust.runners: Ramping to {"PerformanceTests": 24} (24 total users)
[2023-06-12 12:58:10,315] SAIEMASUS-i7/DEBUG/locust.runners: Spawning additional {"PerformanceTests": 1} ({"PerformanceTests": 23} already running)...
[2023-06-12 12:58:10,316] SAIEMASUS-i7/DEBUG/locust.runners: 24 users spawned
[2023-06-12 12:58:10,316] SAIEMASUS-i7/DEBUG/locust.runners: All users of class PerformanceTests spawned
[2023-06-12 12:58:10,316] SAIEMASUS-i7/DEBUG/locust.runners: 0 users have been stopped, 24 still running
[2023-06-12 12:58:10,468] SAIEMASUS-i7/DEBUG/urllib3.connectionpool: Starting new HTTP connection (1): localhost:7000
[2023-06-12 12:58:11,329] SAIEMASUS-i7/DEBUG/locust.runners: Ramping to {"PerformanceTests": 25} (25 total users)
[2023-06-12 12:58:11,329] SAIEMASUS-i7/DEBUG/locust.runners: Spawning additional {"PerformanceTests": 1} ({"PerformanceTests": 24} already running)...
[2023-06-12 12:58:11,330] SAIEMASUS-i7/DEBUG/locust.runners: 25 users spawned
[2023-06-12 12:58:11,330] SAIEMASUS-i7/DEBUG/locust.runners: All users of class PerformanceTests spawned
[2023-06-12 12:58:11,330] SAIEMASUS-i7/DEBUG/locust.runners: 0 users have been stopped, 25 still running
[2023-06-12 12:58:11,477] SAIEMASUS-i7/DEBUG/urllib3.connectionpool: Starting new HTTP connection (1): localhost:7000
[2023-06-12 12:58:12,355] SAIEMASUS-i7/DEBUG/locust.runners: Ramping to {"PerformanceTests": 26} (26 total users)
[2023-06-12 12:58:12,355] SAIEMASUS-i7/DEBUG/locust.runners: Spawning additional {"PerformanceTests": 1} ({"PerformanceTests": 25} already running)...
[2023-06-12 12:58:12,355] SAIEMASUS-i7/DEBUG/locust.runners: 26 users spawned
[2023-06-12 12:58:12,356] SAIEMASUS-i7/DEBUG/locust.runners: All users of class PerformanceTests spawned
[2023-06-12 12:58:12,356] SAIEMASUS-i7/DEBUG/locust.runners: 0 users have been stopped, 26 still running
[2023-06-12 12:58:12,547] SAIEMASUS-i7/DEBUG/urllib3.connectionpool: Starting new HTTP connection (1): localhost:7000
[2023-06-12 12:58:13,380] SAIEMASUS-i7/DEBUG/locust.runners: Ramping to {"PerformanceTests": 27} (27 total users)
[2023-06-12 12:58:13,380] SAIEMASUS-i7/DEBUG/locust.runners: Spawning additional {"PerformanceTests": 1} ({"PerformanceTests": 26} already running)...
[2023-06-12 12:58:13,381] SAIEMASUS-i7/DEBUG/locust.runners: 27 users spawned
[2023-06-12 12:58:13,382] SAIEMASUS-i7/DEBUG/locust.runners: All users of class PerformanceTests spawned
[2023-06-12 12:58:13,382] SAIEMASUS-i7/DEBUG/locust.runners: 0 users have been stopped, 27 still running
[2023-06-12 12:58:13,686] SAIEMASUS-i7/DEBUG/urllib3.connectionpool: Starting new HTTP connection (1): localhost:7000
[2023-06-12 12:58:14,390] SAIEMASUS-i7/DEBUG/locust.runners: Ramping to {"PerformanceTests": 28} (28 total users)
[2023-06-12 12:58:14,390] SAIEMASUS-i7/DEBUG/locust.runners: Spawning additional {"PerformanceTests": 1} ({"PerformanceTests": 27} already running)...
[2023-06-12 12:58:14,391] SAIEMASUS-i7/DEBUG/locust.runners: 28 users spawned
[2023-06-12 12:58:14,391] SAIEMASUS-i7/DEBUG/locust.runners: All users of class PerformanceTests spawned
[2023-06-12 12:58:14,391] SAIEMASUS-i7/DEBUG/locust.runners: 0 users have been stopped, 28 still running
[2023-06-12 12:58:14,572] SAIEMASUS-i7/DEBUG/urllib3.connectionpool: Starting new HTTP connection (1): localhost:7000
[2023-06-12 12:58:15,389] SAIEMASUS-i7/DEBUG/locust.runners: Ramping to {"PerformanceTests": 29} (29 total users)
[2023-06-12 12:58:15,389] SAIEMASUS-i7/DEBUG/locust.runners: Spawning additional {"PerformanceTests": 1} ({"PerformanceTests": 28} already running)...
[2023-06-12 12:58:15,390] SAIEMASUS-i7/DEBUG/locust.runners: 29 users spawned
[2023-06-12 12:58:15,390] SAIEMASUS-i7/DEBUG/locust.runners: All users of class PerformanceTests spawned
[2023-06-12 12:58:15,390] SAIEMASUS-i7/DEBUG/locust.runners: 0 users have been stopped, 29 still running
[2023-06-12 12:58:15,571] SAIEMASUS-i7/DEBUG/urllib3.connectionpool: Starting new HTTP connection (1): localhost:7000
[2023-06-12 12:58:16,403] SAIEMASUS-i7/DEBUG/locust.runners: Ramping to {"PerformanceTests": 30} (30 total users)
[2023-06-12 12:58:16,403] SAIEMASUS-i7/DEBUG/locust.runners: Spawning additional {"PerformanceTests": 1} ({"PerformanceTests": 29} already running)...
[2023-06-12 12:58:16,404] SAIEMASUS-i7/DEBUG/locust.runners: 30 users spawned
[2023-06-12 12:58:16,404] SAIEMASUS-i7/DEBUG/locust.runners: All users of class PerformanceTests spawned
[2023-06-12 12:58:16,404] SAIEMASUS-i7/DEBUG/locust.runners: 0 users have been stopped, 30 still running
[2023-06-12 12:58:16,579] SAIEMASUS-i7/DEBUG/urllib3.connectionpool: Starting new HTTP connection (1): localhost:7000
[2023-06-12 12:58:17,416] SAIEMASUS-i7/DEBUG/locust.runners: Ramping to {"PerformanceTests": 31} (31 total users)
[2023-06-12 12:58:17,416] SAIEMASUS-i7/DEBUG/locust.runners: Spawning additional {"PerformanceTests": 1} ({"PerformanceTests": 30} already running)...
[2023-06-12 12:58:17,417] SAIEMASUS-i7/DEBUG/locust.runners: 31 users spawned
[2023-06-12 12:58:17,417] SAIEMASUS-i7/DEBUG/locust.runners: All users of class PerformanceTests spawned
[2023-06-12 12:58:17,417] SAIEMASUS-i7/DEBUG/locust.runners: 0 users have been stopped, 31 still running
[2023-06-12 12:58:17,586] SAIEMASUS-i7/DEBUG/urllib3.connectionpool: Starting new HTTP connection (1): localhost:7000
[2023-06-12 12:58:18,430] SAIEMASUS-i7/DEBUG/locust.runners: Ramping to {"PerformanceTests": 32} (32 total users)
[2023-06-12 12:58:18,431] SAIEMASUS-i7/DEBUG/locust.runners: Spawning additional {"PerformanceTests": 1} ({"PerformanceTests": 31} already running)...
[2023-06-12 12:58:18,431] SAIEMASUS-i7/DEBUG/locust.runners: 32 users spawned
[2023-06-12 12:58:18,431] SAIEMASUS-i7/DEBUG/locust.runners: All users of class PerformanceTests spawned
[2023-06-12 12:58:18,431] SAIEMASUS-i7/DEBUG/locust.runners: 0 users have been stopped, 32 still running
[2023-06-12 12:58:18,538] SAIEMASUS-i7/DEBUG/urllib3.connectionpool: http://localhost:7000 "GET /py/cfb/game/401426579 HTTP/1.1" 200 2365359
[2023-06-12 12:58:18,597] SAIEMASUS-i7/INFO/root: 200
[2023-06-12 12:58:18,609] SAIEMASUS-i7/DEBUG/urllib3.connectionpool: Starting new HTTP connection (1): localhost:7000
[2023-06-12 12:58:19,435] SAIEMASUS-i7/DEBUG/locust.runners: Ramping to {"PerformanceTests": 33} (33 total users)
[2023-06-12 12:58:19,435] SAIEMASUS-i7/DEBUG/locust.runners: Spawning additional {"PerformanceTests": 1} ({"PerformanceTests": 32} already running)...
[2023-06-12 12:58:19,436] SAIEMASUS-i7/DEBUG/locust.runners: 33 users spawned
[2023-06-12 12:58:19,436] SAIEMASUS-i7/DEBUG/locust.runners: All users of class PerformanceTests spawned
[2023-06-12 12:58:19,436] SAIEMASUS-i7/DEBUG/locust.runners: 0 users have been stopped, 33 still running
[2023-06-12 12:58:19,713] SAIEMASUS-i7/DEBUG/urllib3.connectionpool: Starting new HTTP connection (1): localhost:7000
[2023-06-12 12:58:20,443] SAIEMASUS-i7/DEBUG/locust.runners: Ramping to {"PerformanceTests": 34} (34 total users)
[2023-06-12 12:58:20,443] SAIEMASUS-i7/DEBUG/locust.runners: Spawning additional {"PerformanceTests": 1} ({"PerformanceTests": 33} already running)...
[2023-06-12 12:58:20,444] SAIEMASUS-i7/DEBUG/locust.runners: 34 users spawned
[2023-06-12 12:58:20,444] SAIEMASUS-i7/DEBUG/locust.runners: All users of class PerformanceTests spawned
[2023-06-12 12:58:20,444] SAIEMASUS-i7/DEBUG/locust.runners: 0 users have been stopped, 34 still running
[2023-06-12 12:58:20,607] SAIEMASUS-i7/DEBUG/urllib3.connectionpool: Starting new HTTP connection (1): localhost:7000
[2023-06-12 12:58:21,446] SAIEMASUS-i7/DEBUG/locust.runners: Ramping to {"PerformanceTests": 35} (35 total users)
[2023-06-12 12:58:21,446] SAIEMASUS-i7/DEBUG/locust.runners: Spawning additional {"PerformanceTests": 1} ({"PerformanceTests": 34} already running)...
[2023-06-12 12:58:21,446] SAIEMASUS-i7/DEBUG/locust.runners: 35 users spawned
[2023-06-12 12:58:21,447] SAIEMASUS-i7/DEBUG/locust.runners: All users of class PerformanceTests spawned
[2023-06-12 12:58:21,447] SAIEMASUS-i7/DEBUG/locust.runners: 0 users have been stopped, 35 still running
[2023-06-12 12:58:21,602] SAIEMASUS-i7/DEBUG/urllib3.connectionpool: Starting new HTTP connection (1): localhost:7000
[2023-06-12 12:58:22,473] SAIEMASUS-i7/DEBUG/locust.runners: Ramping to {"PerformanceTests": 36} (36 total users)
[2023-06-12 12:58:22,473] SAIEMASUS-i7/DEBUG/locust.runners: Spawning additional {"PerformanceTests": 1} ({"PerformanceTests": 35} already running)...
[2023-06-12 12:58:22,473] SAIEMASUS-i7/DEBUG/locust.runners: 36 users spawned
[2023-06-12 12:58:22,473] SAIEMASUS-i7/DEBUG/locust.runners: All users of class PerformanceTests spawned
[2023-06-12 12:58:22,474] SAIEMASUS-i7/DEBUG/locust.runners: 0 users have been stopped, 36 still running
[2023-06-12 12:58:22,733] SAIEMASUS-i7/DEBUG/urllib3.connectionpool: Starting new HTTP connection (1): localhost:7000
[2023-06-12 12:58:23,263] SAIEMASUS-i7/DEBUG/urllib3.connectionpool: http://localhost:7000 "GET /py/cfb/game/401415015 HTTP/1.1" 500 21
[2023-06-12 12:58:23,263] SAIEMASUS-i7/INFO/root: 500
[2023-06-12 12:58:23,485] SAIEMASUS-i7/DEBUG/locust.runners: Ramping to {"PerformanceTests": 37} (37 total users)
[2023-06-12 12:58:23,486] SAIEMASUS-i7/DEBUG/locust.runners: Spawning additional {"PerformanceTests": 1} ({"PerformanceTests": 36} already running)...
[2023-06-12 12:58:23,486] SAIEMASUS-i7/DEBUG/locust.runners: 37 users spawned
[2023-06-12 12:58:23,486] SAIEMASUS-i7/DEBUG/locust.runners: All users of class PerformanceTests spawned
[2023-06-12 12:58:23,486] SAIEMASUS-i7/DEBUG/locust.runners: 0 users have been stopped, 37 still running
[2023-06-12 12:58:23,665] SAIEMASUS-i7/DEBUG/urllib3.connectionpool: Starting new HTTP connection (1): localhost:7000
[2023-06-12 12:58:24,488] SAIEMASUS-i7/DEBUG/locust.runners: Ramping to {"PerformanceTests": 38} (38 total users)
[2023-06-12 12:58:24,488] SAIEMASUS-i7/DEBUG/locust.runners: Spawning additional {"PerformanceTests": 1} ({"PerformanceTests": 37} already running)...
[2023-06-12 12:58:24,489] SAIEMASUS-i7/DEBUG/locust.runners: 38 users spawned
[2023-06-12 12:58:24,489] SAIEMASUS-i7/DEBUG/locust.runners: All users of class PerformanceTests spawned
[2023-06-12 12:58:24,489] SAIEMASUS-i7/DEBUG/locust.runners: 0 users have been stopped, 38 still running
[2023-06-12 12:58:24,656] SAIEMASUS-i7/DEBUG/urllib3.connectionpool: Starting new HTTP connection (1): localhost:7000
[2023-06-12 12:58:25,495] SAIEMASUS-i7/DEBUG/locust.runners: Ramping to {"PerformanceTests": 39} (39 total users)
[2023-06-12 12:58:25,496] SAIEMASUS-i7/DEBUG/locust.runners: Spawning additional {"PerformanceTests": 1} ({"PerformanceTests": 38} already running)...
[2023-06-12 12:58:25,496] SAIEMASUS-i7/DEBUG/locust.runners: 39 users spawned
[2023-06-12 12:58:25,497] SAIEMASUS-i7/DEBUG/locust.runners: All users of class PerformanceTests spawned
[2023-06-12 12:58:25,497] SAIEMASUS-i7/DEBUG/locust.runners: 0 users have been stopped, 39 still running
[2023-06-12 12:58:25,671] SAIEMASUS-i7/DEBUG/urllib3.connectionpool: Starting new HTTP connection (1): localhost:7000
[2023-06-12 12:58:26,495] SAIEMASUS-i7/DEBUG/locust.runners: Ramping to {"PerformanceTests": 40} (40 total users)
[2023-06-12 12:58:26,496] SAIEMASUS-i7/DEBUG/locust.runners: Spawning additional {"PerformanceTests": 1} ({"PerformanceTests": 39} already running)...
[2023-06-12 12:58:26,497] SAIEMASUS-i7/DEBUG/locust.runners: 40 users spawned
[2023-06-12 12:58:26,497] SAIEMASUS-i7/DEBUG/locust.runners: All users of class PerformanceTests spawned
[2023-06-12 12:58:26,498] SAIEMASUS-i7/DEBUG/locust.runners: 0 users have been stopped, 40 still running
[2023-06-12 12:58:26,674] SAIEMASUS-i7/DEBUG/urllib3.connectionpool: Starting new HTTP connection (1): localhost:7000
[2023-06-12 12:58:27,505] SAIEMASUS-i7/DEBUG/locust.runners: Ramping to {"PerformanceTests": 41} (41 total users)
[2023-06-12 12:58:27,505] SAIEMASUS-i7/DEBUG/locust.runners: Spawning additional {"PerformanceTests": 1} ({"PerformanceTests": 40} already running)...
[2023-06-12 12:58:27,505] SAIEMASUS-i7/DEBUG/locust.runners: 41 users spawned
[2023-06-12 12:58:27,505] SAIEMASUS-i7/DEBUG/locust.runners: All users of class PerformanceTests spawned
[2023-06-12 12:58:27,506] SAIEMASUS-i7/DEBUG/locust.runners: 0 users have been stopped, 41 still running
[2023-06-12 12:58:27,671] SAIEMASUS-i7/DEBUG/urllib3.connectionpool: Starting new HTTP connection (1): localhost:7000
[2023-06-12 12:58:28,508] SAIEMASUS-i7/DEBUG/locust.runners: Ramping to {"PerformanceTests": 42} (42 total users)
[2023-06-12 12:58:28,509] SAIEMASUS-i7/DEBUG/locust.runners: Spawning additional {"PerformanceTests": 1} ({"PerformanceTests": 41} already running)...
[2023-06-12 12:58:28,510] SAIEMASUS-i7/DEBUG/locust.runners: 42 users spawned
[2023-06-12 12:58:28,510] SAIEMASUS-i7/DEBUG/locust.runners: All users of class PerformanceTests spawned
[2023-06-12 12:58:28,510] SAIEMASUS-i7/DEBUG/locust.runners: 0 users have been stopped, 42 still running
[2023-06-12 12:58:28,700] SAIEMASUS-i7/DEBUG/urllib3.connectionpool: Starting new HTTP connection (1): localhost:7000
[2023-06-12 12:58:29,509] SAIEMASUS-i7/DEBUG/locust.runners: Ramping to {"PerformanceTests": 43} (43 total users)
[2023-06-12 12:58:29,509] SAIEMASUS-i7/DEBUG/locust.runners: Spawning additional {"PerformanceTests": 1} ({"PerformanceTests": 42} already running)...
[2023-06-12 12:58:29,510] SAIEMASUS-i7/DEBUG/locust.runners: 43 users spawned
[2023-06-12 12:58:29,510] SAIEMASUS-i7/DEBUG/locust.runners: All users of class PerformanceTests spawned
[2023-06-12 12:58:29,510] SAIEMASUS-i7/DEBUG/locust.runners: 0 users have been stopped, 43 still running
[2023-06-12 12:58:29,686] SAIEMASUS-i7/DEBUG/urllib3.connectionpool: Starting new HTTP connection (1): localhost:7000
[2023-06-12 12:58:30,513] SAIEMASUS-i7/DEBUG/locust.runners: Ramping to {"PerformanceTests": 44} (44 total users)
[2023-06-12 12:58:30,514] SAIEMASUS-i7/DEBUG/locust.runners: Spawning additional {"PerformanceTests": 1} ({"PerformanceTests": 43} already running)...
[2023-06-12 12:58:30,514] SAIEMASUS-i7/DEBUG/locust.runners: 44 users spawned
[2023-06-12 12:58:30,514] SAIEMASUS-i7/DEBUG/locust.runners: All users of class PerformanceTests spawned
[2023-06-12 12:58:30,515] SAIEMASUS-i7/DEBUG/locust.runners: 0 users have been stopped, 44 still running
[2023-06-12 12:58:30,674] SAIEMASUS-i7/DEBUG/urllib3.connectionpool: Starting new HTTP connection (1): localhost:7000
[2023-06-12 12:58:31,515] SAIEMASUS-i7/DEBUG/locust.runners: Ramping to {"PerformanceTests": 45} (45 total users)
[2023-06-12 12:58:31,516] SAIEMASUS-i7/DEBUG/locust.runners: Spawning additional {"PerformanceTests": 1} ({"PerformanceTests": 44} already running)...
[2023-06-12 12:58:31,516] SAIEMASUS-i7/DEBUG/locust.runners: 45 users spawned
[2023-06-12 12:58:31,517] SAIEMASUS-i7/DEBUG/locust.runners: All users of class PerformanceTests spawned
[2023-06-12 12:58:31,517] SAIEMASUS-i7/DEBUG/locust.runners: 0 users have been stopped, 45 still running
[2023-06-12 12:58:31,704] SAIEMASUS-i7/DEBUG/urllib3.connectionpool: Starting new HTTP connection (1): localhost:7000
[2023-06-12 12:58:32,529] SAIEMASUS-i7/DEBUG/locust.runners: Ramping to {"PerformanceTests": 46} (46 total users)
[2023-06-12 12:58:32,529] SAIEMASUS-i7/DEBUG/locust.runners: Spawning additional {"PerformanceTests": 1} ({"PerformanceTests": 45} already running)...
[2023-06-12 12:58:32,529] SAIEMASUS-i7/DEBUG/locust.runners: 46 users spawned
[2023-06-12 12:58:32,530] SAIEMASUS-i7/DEBUG/locust.runners: All users of class PerformanceTests spawned
[2023-06-12 12:58:32,530] SAIEMASUS-i7/DEBUG/locust.runners: 0 users have been stopped, 46 still running
[2023-06-12 12:58:32,729] SAIEMASUS-i7/DEBUG/urllib3.connectionpool: Starting new HTTP connection (1): localhost:7000
[2023-06-12 12:58:32,939] SAIEMASUS-i7/INFO/root: 0
[2023-06-12 12:58:33,386] SAIEMASUS-i7/DEBUG/urllib3.connectionpool: Starting new HTTP connection (2): localhost:7000
[2023-06-12 12:58:33,428] SAIEMASUS-i7/DEBUG/urllib3.connectionpool: http://localhost:7000 "GET /py/cfb/game/401405123 HTTP/1.1" 200 2134653
[2023-06-12 12:58:33,509] SAIEMASUS-i7/INFO/root: 200
[2023-06-12 12:58:33,538] SAIEMASUS-i7/DEBUG/locust.runners: Ramping to {"PerformanceTests": 47} (47 total users)
[2023-06-12 12:58:33,538] SAIEMASUS-i7/DEBUG/locust.runners: Spawning additional {"PerformanceTests": 1} ({"PerformanceTests": 46} already running)...
[2023-06-12 12:58:33,539] SAIEMASUS-i7/DEBUG/locust.runners: 47 users spawned
[2023-06-12 12:58:33,539] SAIEMASUS-i7/DEBUG/locust.runners: All users of class PerformanceTests spawned
[2023-06-12 12:58:33,539] SAIEMASUS-i7/DEBUG/locust.runners: 0 users have been stopped, 47 still running
[2023-06-12 12:58:33,698] SAIEMASUS-i7/DEBUG/urllib3.connectionpool: Starting new HTTP connection (1): localhost:7000
[2023-06-12 12:58:34,550] SAIEMASUS-i7/DEBUG/locust.runners: Ramping to {"PerformanceTests": 48} (48 total users)
[2023-06-12 12:58:34,550] SAIEMASUS-i7/DEBUG/locust.runners: Spawning additional {"PerformanceTests": 1} ({"PerformanceTests": 47} already running)...
[2023-06-12 12:58:34,550] SAIEMASUS-i7/DEBUG/locust.runners: 48 users spawned
[2023-06-12 12:58:34,551] SAIEMASUS-i7/DEBUG/locust.runners: All users of class PerformanceTests spawned
[2023-06-12 12:58:34,551] SAIEMASUS-i7/DEBUG/locust.runners: 0 users have been stopped, 48 still running
[2023-06-12 12:58:34,705] SAIEMASUS-i7/DEBUG/urllib3.connectionpool: Starting new HTTP connection (1): localhost:7000
[2023-06-12 12:58:35,555] SAIEMASUS-i7/DEBUG/locust.runners: Ramping to {"PerformanceTests": 49} (49 total users)
[2023-06-12 12:58:35,555] SAIEMASUS-i7/DEBUG/locust.runners: Spawning additional {"PerformanceTests": 1} ({"PerformanceTests": 48} already running)...
[2023-06-12 12:58:35,556] SAIEMASUS-i7/DEBUG/locust.runners: 49 users spawned
[2023-06-12 12:58:35,556] SAIEMASUS-i7/DEBUG/locust.runners: All users of class PerformanceTests spawned
[2023-06-12 12:58:35,556] SAIEMASUS-i7/DEBUG/locust.runners: 0 users have been stopped, 49 still running
[2023-06-12 12:58:35,738] SAIEMASUS-i7/DEBUG/urllib3.connectionpool: Starting new HTTP connection (1): localhost:7000
[2023-06-12 12:58:36,235] SAIEMASUS-i7/DEBUG/urllib3.connectionpool: http://localhost:7000 "GET /py/cfb/game/401404043 HTTP/1.1" 200 2321002
[2023-06-12 12:58:36,255] SAIEMASUS-i7/INFO/root: 200
[2023-06-12 12:58:36,569] SAIEMASUS-i7/DEBUG/locust.runners: Ramping to {"PerformanceTests": 50} (50 total users)
[2023-06-12 12:58:36,570] SAIEMASUS-i7/DEBUG/locust.runners: Spawning additional {"PerformanceTests": 1} ({"PerformanceTests": 49} already running)...
[2023-06-12 12:58:36,570] SAIEMASUS-i7/DEBUG/locust.runners: 50 users spawned
[2023-06-12 12:58:36,570] SAIEMASUS-i7/DEBUG/locust.runners: All users of class PerformanceTests spawned
[2023-06-12 12:58:36,570] SAIEMASUS-i7/DEBUG/locust.runners: 0 users have been stopped, 50 still running
[2023-06-12 12:58:36,571] SAIEMASUS-i7/INFO/locust.runners: All users spawned: {"PerformanceTests": 50} (50 total users)
[2023-06-12 12:58:36,840] SAIEMASUS-i7/DEBUG/urllib3.connectionpool: Starting new HTTP connection (1): localhost:7000
[2023-06-12 12:58:41,140] SAIEMASUS-i7/DEBUG/urllib3.connectionpool: http://localhost:7000 "GET /py/cfb/game/401411166 HTTP/1.1" 200 2443761
[2023-06-12 12:58:41,185] SAIEMASUS-i7/INFO/root: 200
[2023-06-12 12:58:50,739] SAIEMASUS-i7/DEBUG/urllib3.connectionpool: http://localhost:7000 "GET /py/cfb/game/401404101 HTTP/1.1" 200 2667194
[2023-06-12 12:58:50,783] SAIEMASUS-i7/INFO/root: 200
[2023-06-12 12:58:51,171] SAIEMASUS-i7/DEBUG/urllib3.connectionpool: http://localhost:7000 "GET /py/cfb/game/401415611 HTTP/1.1" 200 2362496
[2023-06-12 12:58:51,192] SAIEMASUS-i7/INFO/root: 200
[2023-06-12 12:58:54,341] SAIEMASUS-i7/DEBUG/urllib3.connectionpool: http://localhost:7000 "GET /py/cfb/game/401426541 HTTP/1.1" 200 2425902
[2023-06-12 12:58:54,349] SAIEMASUS-i7/INFO/root: 200
[2023-06-12 12:58:54,780] SAIEMASUS-i7/DEBUG/urllib3.connectionpool: http://localhost:7000 "GET /py/cfb/game/401437009 HTTP/1.1" 200 2358539
[2023-06-12 12:58:54,790] SAIEMASUS-i7/INFO/root: 200
[2023-06-12 12:58:55,105] SAIEMASUS-i7/DEBUG/urllib3.connectionpool: http://localhost:7000 "GET /py/cfb/game/401415230 HTTP/1.1" 200 2339343
[2023-06-12 12:58:55,135] SAIEMASUS-i7/INFO/root: 200
[2023-06-12 12:58:55,384] SAIEMASUS-i7/DEBUG/urllib3.connectionpool: http://localhost:7000 "GET /py/cfb/game/401404149 HTTP/1.1" 200 2323179
[2023-06-12 12:58:55,413] SAIEMASUS-i7/INFO/root: 200
[2023-06-12 12:59:06,881] SAIEMASUS-i7/DEBUG/urllib3.connectionpool: http://localhost:7000 "GET /py/cfb/game/401405128 HTTP/1.1" 200 2269093
[2023-06-12 12:59:06,893] SAIEMASUS-i7/INFO/root: 200
[2023-06-12 12:59:09,832] SAIEMASUS-i7/DEBUG/urllib3.connectionpool: http://localhost:7000 "GET /py/cfb/game/401415644 HTTP/1.1" 200 2553260
[2023-06-12 12:59:09,882] SAIEMASUS-i7/INFO/root: 200
[2023-06-12 12:59:10,104] SAIEMASUS-i7/DEBUG/urllib3.connectionpool: http://localhost:7000 "GET /py/cfb/game/401411164 HTTP/1.1" 200 2698222
[2023-06-12 12:59:10,181] SAIEMASUS-i7/INFO/root: 200
[2023-06-12 12:59:17,159] SAIEMASUS-i7/DEBUG/urllib3.connectionpool: http://localhost:7000 "GET /py/cfb/game/401405137 HTTP/1.1" 200 2132921
[2023-06-12 12:59:17,221] SAIEMASUS-i7/INFO/root: 200
[2023-06-12 12:59:19,788] SAIEMASUS-i7/DEBUG/urllib3.connectionpool: http://localhost:7000 "GET /py/cfb/game/401415270 HTTP/1.1" 200 2202094
[2023-06-12 12:59:19,839] SAIEMASUS-i7/INFO/root: 200
[2023-06-12 12:59:25,097] SAIEMASUS-i7/DEBUG/urllib3.connectionpool: http://localhost:7000 "GET /py/cfb/game/401405124 HTTP/1.1" 200 2190427
[2023-06-12 12:59:25,104] SAIEMASUS-i7/INFO/root: 200
[2023-06-12 12:59:25,828] SAIEMASUS-i7/DEBUG/urllib3.connectionpool: http://localhost:7000 "GET /py/cfb/game/401426574 HTTP/1.1" 200 2247006
[2023-06-12 12:59:25,864] SAIEMASUS-i7/INFO/root: 200
[2023-06-12 12:59:27,271] SAIEMASUS-i7/DEBUG/urllib3.connectionpool: http://localhost:7000 "GET /py/cfb/game/401415268 HTTP/1.1" 200 2149256
[2023-06-12 12:59:27,286] SAIEMASUS-i7/INFO/root: 200
[2023-06-12 12:59:28,920] SAIEMASUS-i7/DEBUG/urllib3.connectionpool: http://localhost:7000 "GET /py/cfb/game/401403861 HTTP/1.1" 500 21
[2023-06-12 12:59:28,920] SAIEMASUS-i7/INFO/root: 500
[2023-06-12 12:59:29,544] SAIEMASUS-i7/DEBUG/urllib3.connectionpool: Resetting dropped connection: localhost
[2023-06-12 12:59:29,868] SAIEMASUS-i7/DEBUG/urllib3.connectionpool: http://localhost:7000 "GET /py/cfb/game/401403882 HTTP/1.1" 200 2591466
[2023-06-12 12:59:29,897] SAIEMASUS-i7/INFO/root: 200
[2023-06-12 12:59:30,453] SAIEMASUS-i7/DEBUG/urllib3.connectionpool: http://localhost:7000 "GET /py/cfb/game/401404043 HTTP/1.1" 200 2321002
[2023-06-12 12:59:30,490] SAIEMASUS-i7/INFO/root: 200
[2023-06-12 12:59:34,085] SAIEMASUS-i7/DEBUG/urllib3.connectionpool: http://localhost:7000 "GET /py/cfb/game/401411132 HTTP/1.1" 200 2619998
[2023-06-12 12:59:34,103] SAIEMASUS-i7/INFO/root: 200
[2023-06-12 12:59:34,660] SAIEMASUS-i7/DEBUG/urllib3.connectionpool: http://localhost:7000 "GET /py/cfb/game/401415622 HTTP/1.1" 200 2501338
[2023-06-12 12:59:34,675] SAIEMASUS-i7/INFO/root: 200
[2023-06-12 12:59:35,002] SAIEMASUS-i7/DEBUG/urllib3.connectionpool: http://localhost:7000 "GET /py/cfb/game/401404004 HTTP/1.1" 200 2250984
[2023-06-12 12:59:35,039] SAIEMASUS-i7/INFO/root: 200
[2023-06-12 12:59:35,390] SAIEMASUS-i7/DEBUG/urllib3.connectionpool: http://localhost:7000 "GET /py/cfb/game/401411121 HTTP/1.1" 200 2194447
[2023-06-12 12:59:35,411] SAIEMASUS-i7/INFO/root: 200
[2023-06-12 12:59:35,780] SAIEMASUS-i7/DEBUG/urllib3.connectionpool: http://localhost:7000 "GET /py/cfb/game/401426618 HTTP/1.1" 200 2455114
[2023-06-12 12:59:35,789] SAIEMASUS-i7/INFO/root: 200
[2023-06-12 12:59:36,989] SAIEMASUS-i7/DEBUG/urllib3.connectionpool: http://localhost:7000 "GET /py/cfb/game/401405088 HTTP/1.1" 200 2436698
[2023-06-12 12:59:36,994] SAIEMASUS-i7/INFO/root: 200
[2023-06-12 12:59:37,183] SAIEMASUS-i7/DEBUG/urllib3.connectionpool: http://localhost:7000 "GET /py/cfb/game/401403939 HTTP/1.1" 200 2318468
[2023-06-12 12:59:37,190] SAIEMASUS-i7/INFO/root: 200
[2023-06-12 12:59:37,475] SAIEMASUS-i7/DEBUG/urllib3.connectionpool: http://localhost:7000 "GET /py/cfb/game/401426578 HTTP/1.1" 200 2735429
[2023-06-12 12:59:37,495] SAIEMASUS-i7/INFO/root: 200
[2023-06-12 12:59:38,331] SAIEMASUS-i7/DEBUG/urllib3.connectionpool: http://localhost:7000 "GET /py/cfb/game/401411149 HTTP/1.1" 200 2424762
[2023-06-12 12:59:38,348] SAIEMASUS-i7/INFO/root: 200
[2023-06-12 12:59:38,961] SAIEMASUS-i7/DEBUG/urllib3.connectionpool: http://localhost:7000 "GET /py/cfb/game/401415631 HTTP/1.1" 200 2418607
[2023-06-12 12:59:38,967] SAIEMASUS-i7/INFO/root: 200
[2023-06-12 12:59:39,650] SAIEMASUS-i7/DEBUG/urllib3.connectionpool: http://localhost:7000 "GET /py/cfb/game/401426367 HTTP/1.1" 200 2466352
[2023-06-12 12:59:39,714] SAIEMASUS-i7/INFO/root: 200
[2023-06-12 12:59:40,619] SAIEMASUS-i7/DEBUG/urllib3.connectionpool: http://localhost:7000 "GET /py/cfb/game/401426348 HTTP/1.1" 200 2369050
[2023-06-12 12:59:40,634] SAIEMASUS-i7/INFO/root: 200
[2023-06-12 12:59:42,635] SAIEMASUS-i7/DEBUG/urllib3.connectionpool: http://localhost:7000 "GET /py/cfb/game/401416618 HTTP/1.1" 500 21
[2023-06-12 12:59:42,666] SAIEMASUS-i7/INFO/root: 500
[2023-06-12 12:59:43,469] SAIEMASUS-i7/INFO/root: 0
[2023-06-12 12:59:44,002] SAIEMASUS-i7/DEBUG/urllib3.connectionpool: Starting new HTTP connection (2): localhost:7000
[2023-06-12 12:59:46,501] SAIEMASUS-i7/DEBUG/urllib3.connectionpool: http://localhost:7000 "GET /py/cfb/game/401415215 HTTP/1.1" 200 2653018
[2023-06-12 12:59:46,521] SAIEMASUS-i7/INFO/root: 200
[2023-06-12 12:59:49,388] SAIEMASUS-i7/DEBUG/urllib3.connectionpool: http://localhost:7000 "GET /py/cfb/game/401404016 HTTP/1.1" 200 2383558
[2023-06-12 12:59:49,394] SAIEMASUS-i7/INFO/root: 200
[2023-06-12 12:59:53,077] SAIEMASUS-i7/DEBUG/urllib3.connectionpool: http://localhost:7000 "GET /py/cfb/game/401426382 HTTP/1.1" 200 2680799
[2023-06-12 12:59:53,086] SAIEMASUS-i7/INFO/root: 200
[2023-06-12 12:59:53,278] SAIEMASUS-i7/DEBUG/urllib3.connectionpool: http://localhost:7000 "GET /py/cfb/game/401404142 HTTP/1.1" 200 2126765
[2023-06-12 12:59:53,284] SAIEMASUS-i7/INFO/root: 200
[2023-06-12 12:59:53,503] SAIEMASUS-i7/DEBUG/urllib3.connectionpool: http://localhost:7000 "GET /py/cfb/game/401405089 HTTP/1.1" 200 2430966
[2023-06-12 12:59:53,550] SAIEMASUS-i7/INFO/root: 200
[2023-06-12 12:59:53,835] SAIEMASUS-i7/DEBUG/urllib3.connectionpool: http://localhost:7000 "GET /py/cfb/game/401411128 HTTP/1.1" 200 2515946
[2023-06-12 12:59:53,870] SAIEMASUS-i7/INFO/root: 200
[2023-06-12 12:59:54,524] SAIEMASUS-i7/DEBUG/urllib3.connectionpool: http://localhost:7000 "GET /py/cfb/game/401404025 HTTP/1.1" 200 2433894
[2023-06-12 12:59:54,547] SAIEMASUS-i7/INFO/root: 200
[2023-06-12 12:59:55,430] SAIEMASUS-i7/DEBUG/urllib3.connectionpool: http://localhost:7000 "GET /py/cfb/game/401415032 HTTP/1.1" 200 2648905
[2023-06-12 12:59:55,526] SAIEMASUS-i7/INFO/root: 200
[2023-06-12 12:59:55,726] SAIEMASUS-i7/DEBUG/urllib3.connectionpool: http://localhost:7000 "GET /py/cfb/game/401403890 HTTP/1.1" 200 2337650
[2023-06-12 12:59:55,751] SAIEMASUS-i7/INFO/root: 200
[2023-06-12 12:59:56,240] SAIEMASUS-i7/DEBUG/urllib3.connectionpool: http://localhost:7000 "GET /py/cfb/game/401403977 HTTP/1.1" 500 21
[2023-06-12 12:59:56,247] SAIEMASUS-i7/INFO/root: 500
[2023-06-12 12:59:57,363] SAIEMASUS-i7/INFO/root: 0
[2023-06-12 12:59:57,721] SAIEMASUS-i7/DEBUG/urllib3.connectionpool: Starting new HTTP connection (2): localhost:7000
[2023-06-12 12:59:58,803] SAIEMASUS-i7/DEBUG/urllib3.connectionpool: http://localhost:7000 "GET /py/cfb/game/401403953 HTTP/1.1" 200 2770049
[2023-06-12 12:59:58,868] SAIEMASUS-i7/INFO/root: 200
[2023-06-12 13:00:06,364] SAIEMASUS-i7/DEBUG/urllib3.connectionpool: http://localhost:7000 "GET /py/cfb/game/401426604 HTTP/1.1" 500 21
[2023-06-12 13:00:06,379] SAIEMASUS-i7/INFO/root: 500
[2023-06-12 13:00:07,656] SAIEMASUS-i7/INFO/root: 0
[2023-06-12 13:00:08,151] SAIEMASUS-i7/DEBUG/urllib3.connectionpool: Starting new HTTP connection (2): localhost:7000
[2023-06-12 13:00:09,221] SAIEMASUS-i7/DEBUG/urllib3.connectionpool: http://localhost:7000 "GET /py/cfb/game/401404162 HTTP/1.1" 200 2642163
[2023-06-12 13:00:09,248] SAIEMASUS-i7/INFO/root: 200
[2023-06-12 13:00:09,949] SAIEMASUS-i7/DEBUG/urllib3.connectionpool: http://localhost:7000 "GET /py/cfb/game/401405123 HTTP/1.1" 200 2134653
[2023-06-12 13:00:10,000] SAIEMASUS-i7/INFO/root: 200
[2023-06-12 13:00:10,271] SAIEMASUS-i7/DEBUG/urllib3.connectionpool: http://localhost:7000 "GET /py/cfb/game/401403892 HTTP/1.1" 200 2365309
[2023-06-12 13:00:10,320] SAIEMASUS-i7/INFO/root: 200
[2023-06-12 13:00:11,024] SAIEMASUS-i7/DEBUG/urllib3.connectionpool: http://localhost:7000 "GET /py/cfb/game/401426376 HTTP/1.1" 200 2358776
[2023-06-12 13:00:11,031] SAIEMASUS-i7/INFO/root: 200
[2023-06-12 13:00:12,031] SAIEMASUS-i7/DEBUG/urllib3.connectionpool: http://localhost:7000 "GET /py/cfb/game/401403976 HTTP/1.1" 200 2429994
[2023-06-12 13:00:12,065] SAIEMASUS-i7/INFO/root: 200
[2023-06-12 13:00:14,863] SAIEMASUS-i7/DEBUG/urllib3.connectionpool: http://localhost:7000 "GET /py/cfb/game/401404089 HTTP/1.1" 200 2402790
[2023-06-12 13:00:14,896] SAIEMASUS-i7/INFO/root: 200
[2023-06-12 13:00:27,217] SAIEMASUS-i7/DEBUG/urllib3.connectionpool: http://localhost:7000 "GET /py/cfb/game/401437008 HTTP/1.1" 200 2701212
[2023-06-12 13:00:27,224] SAIEMASUS-i7/INFO/root: 200
[2023-06-12 13:00:30,672] SAIEMASUS-i7/DEBUG/urllib3.connectionpool: http://localhost:7000 "GET /py/cfb/game/401415639 HTTP/1.1" 200 2447653
[2023-06-12 13:00:30,700] SAIEMASUS-i7/INFO/root: 200
[2023-06-12 13:00:30,977] SAIEMASUS-i7/DEBUG/urllib3.connectionpool: http://localhost:7000 "GET /py/cfb/game/401403926 HTTP/1.1" 200 2840328
[2023-06-12 13:00:31,029] SAIEMASUS-i7/INFO/root: 200
[2023-06-12 13:00:36,233] SAIEMASUS-i7/DEBUG/urllib3.connectionpool: http://localhost:7000 "GET /py/cfb/game/401403914 HTTP/1.1" 200 2593512
[2023-06-12 13:00:36,281] SAIEMASUS-i7/INFO/root: 200
[2023-06-12 13:00:39,561] SAIEMASUS-i7/DEBUG/urllib3.connectionpool: http://localhost:7000 "GET /py/cfb/game/401415037 HTTP/1.1" 200 2425448
[2023-06-12 13:00:39,650] SAIEMASUS-i7/INFO/root: 200
[2023-06-12 13:00:46,492] SAIEMASUS-i7/DEBUG/urllib3.connectionpool: http://localhost:7000 "GET /py/cfb/game/401405087 HTTP/1.1" 200 2781929
[2023-06-12 13:00:46,497] SAIEMASUS-i7/INFO/root: 200
[2023-06-12 13:00:47,605] SAIEMASUS-i7/DEBUG/urllib3.connectionpool: http://localhost:7000 "GET /py/cfb/game/401403855 HTTP/1.1" 200 2612252
[2023-06-12 13:00:47,636] SAIEMASUS-i7/INFO/root: 200
[2023-06-12 13:00:48,082] SAIEMASUS-i7/DEBUG/urllib3.connectionpool: http://localhost:7000 "GET /py/cfb/game/401416608 HTTP/1.1" 200 2766331
[2023-06-12 13:00:48,101] SAIEMASUS-i7/INFO/root: 200
[2023-06-12 13:00:48,489] SAIEMASUS-i7/DEBUG/urllib3.connectionpool: http://localhost:7000 "GET /py/cfb/game/401416645 HTTP/1.1" 200 1477019
[2023-06-12 13:00:48,509] SAIEMASUS-i7/INFO/root: 200
[2023-06-12 13:00:48,770] SAIEMASUS-i7/DEBUG/urllib3.connectionpool: http://localhost:7000 "GET /py/cfb/game/401421117 HTTP/1.1" 200 2214520
[2023-06-12 13:00:48,782] SAIEMASUS-i7/INFO/root: 200
[2023-06-12 13:00:49,350] SAIEMASUS-i7/DEBUG/urllib3.connectionpool: http://localhost:7000 "GET /py/cfb/game/401403973 HTTP/1.1" 200 2545003
[2023-06-12 13:00:49,411] SAIEMASUS-i7/INFO/root: 200
[2023-06-12 13:00:49,864] SAIEMASUS-i7/DEBUG/urllib3.connectionpool: http://localhost:7000 "GET /py/cfb/game/401426551 HTTP/1.1" 200 2293419
[2023-06-12 13:00:49,874] SAIEMASUS-i7/INFO/root: 200
[2023-06-12 13:00:50,667] SAIEMASUS-i7/DEBUG/urllib3.connectionpool: http://localhost:7000 "GET /py/cfb/game/401415636 HTTP/1.1" 200 2442257
[2023-06-12 13:00:50,689] SAIEMASUS-i7/INFO/root: 200
[2023-06-12 13:00:51,166] SAIEMASUS-i7/DEBUG/urllib3.connectionpool: http://localhost:7000 "GET /py/cfb/game/401404156 HTTP/1.1" 200 2525358
[2023-06-12 13:00:51,248] SAIEMASUS-i7/INFO/root: 200
[2023-06-12 13:00:53,039] SAIEMASUS-i7/DEBUG/urllib3.connectionpool: http://localhost:7000 "GET /py/cfb/game/401405081 HTTP/1.1" 200 2421119
[2023-06-12 13:00:53,064] SAIEMASUS-i7/INFO/root: 200
[2023-06-12 13:00:56,315] SAIEMASUS-i7/DEBUG/urllib3.connectionpool: http://localhost:7000 "GET /py/cfb/game/401404092 HTTP/1.1" 200 2626368
[2023-06-12 13:00:56,328] SAIEMASUS-i7/INFO/root: 200
[2023-06-12 13:00:57,294] SAIEMASUS-i7/DEBUG/urllib3.connectionpool: http://localhost:7000 "GET /py/cfb/game/401414783 HTTP/1.1" 200 2278766
[2023-06-12 13:00:57,364] SAIEMASUS-i7/INFO/root: 200
[2023-06-12 13:00:59,873] SAIEMASUS-i7/DEBUG/urllib3.connectionpool: http://localhost:7000 "GET /py/cfb/game/401403939 HTTP/1.1" 200 2318468
[2023-06-12 13:00:59,908] SAIEMASUS-i7/INFO/root: 200
[2023-06-12 13:01:01,484] SAIEMASUS-i7/DEBUG/urllib3.connectionpool: http://localhost:7000 "GET /py/cfb/game/401405065 HTTP/1.1" 200 1881784
[2023-06-12 13:01:01,497] SAIEMASUS-i7/INFO/root: 200
[2023-06-12 13:01:02,828] SAIEMASUS-i7/DEBUG/urllib3.connectionpool: http://localhost:7000 "GET /py/cfb/game/401426371 HTTP/1.1" 200 2387813
[2023-06-12 13:01:02,925] SAIEMASUS-i7/INFO/root: 200
[2023-06-12 13:01:04,034] SAIEMASUS-i7/DEBUG/urllib3.connectionpool: http://localhost:7000 "GET /py/cfb/game/401404074 HTTP/1.1" 200 2312665
[2023-06-12 13:01:04,045] SAIEMASUS-i7/INFO/root: 200
[2023-06-12 13:01:05,043] SAIEMASUS-i7/DEBUG/urllib3.connectionpool: http://localhost:7000 "GET /py/cfb/game/401403931 HTTP/1.1" 200 2673910
[2023-06-12 13:01:05,087] SAIEMASUS-i7/INFO/root: 200
[2023-06-12 13:01:05,531] SAIEMASUS-i7/DEBUG/urllib3.connectionpool: http://localhost:7000 "GET /py/cfb/game/401416604 HTTP/1.1" 200 2598561
[2023-06-12 13:01:05,543] SAIEMASUS-i7/INFO/root: 200
[2023-06-12 13:01:06,665] SAIEMASUS-i7/DEBUG/urllib3.connectionpool: http://localhost:7000 "GET /py/cfb/game/401404006 HTTP/1.1" 200 2217194
[2023-06-12 13:01:06,680] SAIEMASUS-i7/INFO/root: 200
[2023-06-12 13:01:07,447] SAIEMASUS-i7/DEBUG/urllib3.connectionpool: http://localhost:7000 "GET /py/cfb/game/401404111 HTTP/1.1" 200 2802243
[2023-06-12 13:01:07,460] SAIEMASUS-i7/INFO/root: 200
[2023-06-12 13:01:08,122] SAIEMASUS-i7/DEBUG/urllib3.connectionpool: http://localhost:7000 "GET /py/cfb/game/401405126 HTTP/1.1" 200 2609915
[2023-06-12 13:01:08,130] SAIEMASUS-i7/INFO/root: 200
[2023-06-12 13:01:08,811] SAIEMASUS-i7/DEBUG/urllib3.connectionpool: http://localhost:7000 "GET /py/cfb/game/401411171 HTTP/1.1" 200 2754133
[2023-06-12 13:01:08,818] SAIEMASUS-i7/INFO/root: 200
[2023-06-12 13:01:15,968] SAIEMASUS-i7/DEBUG/urllib3.connectionpool: http://localhost:7000 "GET /py/cfb/game/401403901 HTTP/1.1" 200 2702998
[2023-06-12 13:01:15,985] SAIEMASUS-i7/INFO/root: 200
[2023-06-12 13:01:22,842] SAIEMASUS-i7/DEBUG/urllib3.connectionpool: http://localhost:7000 "GET /py/cfb/game/401415245 HTTP/1.1" 200 2235099
[2023-06-12 13:01:22,854] SAIEMASUS-i7/INFO/root: 200
[2023-06-12 13:01:23,385] SAIEMASUS-i7/DEBUG/urllib3.connectionpool: http://localhost:7000 "GET /py/cfb/game/401405110 HTTP/1.1" 200 2264142
[2023-06-12 13:01:23,393] SAIEMASUS-i7/INFO/root: 200
[2023-06-12 13:01:23,932] SAIEMASUS-i7/DEBUG/urllib3.connectionpool: http://localhost:7000 "GET /py/cfb/game/401403879 HTTP/1.1" 200 2354765
[2023-06-12 13:01:24,106] SAIEMASUS-i7/INFO/root: 200
[2023-06-12 13:01:24,834] SAIEMASUS-i7/DEBUG/urllib3.connectionpool: http://localhost:7000 "GET /py/cfb/game/401404023 HTTP/1.1" 200 2594313
[2023-06-12 13:01:24,853] SAIEMASUS-i7/INFO/root: 200
[2023-06-12 13:01:25,288] SAIEMASUS-i7/DEBUG/urllib3.connectionpool: http://localhost:7000 "GET /py/cfb/game/401404005 HTTP/1.1" 200 2658661
[2023-06-12 13:01:25,299] SAIEMASUS-i7/INFO/root: 200
[2023-06-12 13:01:25,785] SAIEMASUS-i7/DEBUG/urllib3.connectionpool: http://localhost:7000 "GET /py/cfb/game/401405061 HTTP/1.1" 200 2835032
[2023-06-12 13:01:25,832] SAIEMASUS-i7/INFO/root: 200
[2023-06-12 13:01:28,727] SAIEMASUS-i7/DEBUG/urllib3.connectionpool: http://localhost:7000 "GET /py/cfb/game/401403872 HTTP/1.1" 200 2228599
[2023-06-12 13:01:28,748] SAIEMASUS-i7/INFO/root: 200
[2023-06-12 13:01:29,438] SAIEMASUS-i7/DEBUG/urllib3.connectionpool: http://localhost:7000 "GET /py/cfb/game/401403933 HTTP/1.1" 200 2455909
[2023-06-12 13:01:29,473] SAIEMASUS-i7/INFO/root: 200
[2023-06-12 13:01:29,721] SAIEMASUS-i7/DEBUG/urllib3.connectionpool: http://localhost:7000 "GET /py/cfb/game/401404125 HTTP/1.1" 200 2557647
[2023-06-12 13:01:29,769] SAIEMASUS-i7/INFO/root: 200
[2023-06-12 13:01:35,899] SAIEMASUS-i7/DEBUG/urllib3.connectionpool: http://localhost:7000 "GET /py/cfb/game/401415242 HTTP/1.1" 200 2094818
[2023-06-12 13:01:35,956] SAIEMASUS-i7/INFO/root: 200
[2023-06-12 13:01:41,554] SAIEMASUS-i7/DEBUG/urllib3.connectionpool: http://localhost:7000 "GET /py/cfb/game/401404022 HTTP/1.1" 200 2650808
[2023-06-12 13:01:41,576] SAIEMASUS-i7/INFO/root: 200
[2023-06-12 13:01:44,164] SAIEMASUS-i7/DEBUG/urllib3.connectionpool: http://localhost:7000 "GET /py/cfb/game/401426572 HTTP/1.1" 200 2564668
[2023-06-12 13:01:44,207] SAIEMASUS-i7/INFO/root: 200
[2023-06-12 13:01:44,720] SAIEMASUS-i7/DEBUG/urllib3.connectionpool: http://localhost:7000 "GET /py/cfb/game/401404045 HTTP/1.1" 200 2387806
[2023-06-12 13:01:44,766] SAIEMASUS-i7/INFO/root: 200
[2023-06-12 13:01:47,667] SAIEMASUS-i7/DEBUG/urllib3.connectionpool: http://localhost:7000 "GET /py/cfb/game/401421116 HTTP/1.1" 200 2352976
[2023-06-12 13:01:47,697] SAIEMASUS-i7/INFO/root: 200
[2023-06-12 13:01:48,892] SAIEMASUS-i7/DEBUG/urllib3.connectionpool: http://localhost:7000 "GET /py/cfb/game/401416606 HTTP/1.1" 500 21
[2023-06-12 13:01:48,996] SAIEMASUS-i7/INFO/root: 500
[2023-06-12 13:01:49,095] SAIEMASUS-i7/DEBUG/locust.runners: Stopping all users
[2023-06-12 13:01:49,096] SAIEMASUS-i7/DEBUG/locust.runners: Stopping Greenlet-0
[2023-06-12 13:01:49,096] SAIEMASUS-i7/DEBUG/locust.runners: Stopping Greenlet-1
[2023-06-12 13:01:49,096] SAIEMASUS-i7/DEBUG/locust.runners: Stopping Greenlet-2
[2023-06-12 13:01:49,096] SAIEMASUS-i7/DEBUG/locust.runners: Stopping Greenlet-3
[2023-06-12 13:01:49,096] SAIEMASUS-i7/DEBUG/locust.runners: Stopping Greenlet-4
[2023-06-12 13:01:49,096] SAIEMASUS-i7/DEBUG/locust.runners: Stopping Greenlet-5
[2023-06-12 13:01:49,099] SAIEMASUS-i7/DEBUG/locust.runners: Stopping Greenlet-6
[2023-06-12 13:01:49,099] SAIEMASUS-i7/DEBUG/locust.runners: Stopping Greenlet-7
[2023-06-12 13:01:49,099] SAIEMASUS-i7/DEBUG/locust.runners: Stopping Greenlet-8
[2023-06-12 13:01:49,100] SAIEMASUS-i7/DEBUG/locust.runners: Stopping Greenlet-9
[2023-06-12 13:01:49,100] SAIEMASUS-i7/DEBUG/locust.runners: Stopping Greenlet-10
[2023-06-12 13:01:49,100] SAIEMASUS-i7/DEBUG/locust.runners: Stopping Greenlet-11
[2023-06-12 13:01:49,100] SAIEMASUS-i7/DEBUG/locust.runners: Stopping Greenlet-12
[2023-06-12 13:01:49,100] SAIEMASUS-i7/DEBUG/locust.runners: Stopping Greenlet-13
[2023-06-12 13:01:49,100] SAIEMASUS-i7/DEBUG/locust.runners: Stopping Greenlet-14
[2023-06-12 13:01:49,100] SAIEMASUS-i7/DEBUG/locust.runners: Stopping Greenlet-15
[2023-06-12 13:01:49,101] SAIEMASUS-i7/DEBUG/locust.runners: Stopping Greenlet-16
[2023-06-12 13:01:49,101] SAIEMASUS-i7/DEBUG/locust.runners: Stopping Greenlet-17
[2023-06-12 13:01:49,101] SAIEMASUS-i7/DEBUG/locust.runners: Stopping Greenlet-18
[2023-06-12 13:01:49,101] SAIEMASUS-i7/DEBUG/locust.runners: Stopping Greenlet-19
[2023-06-12 13:01:49,101] SAIEMASUS-i7/DEBUG/locust.runners: Stopping Greenlet-20
[2023-06-12 13:01:49,101] SAIEMASUS-i7/DEBUG/locust.runners: Stopping Greenlet-21
[2023-06-12 13:01:49,101] SAIEMASUS-i7/DEBUG/locust.runners: Stopping Greenlet-22
[2023-06-12 13:01:49,101] SAIEMASUS-i7/DEBUG/locust.runners: Stopping Greenlet-23
[2023-06-12 13:01:49,101] SAIEMASUS-i7/DEBUG/locust.runners: Stopping Greenlet-24
[2023-06-12 13:01:49,102] SAIEMASUS-i7/DEBUG/locust.runners: Stopping Greenlet-25
[2023-06-12 13:01:49,102] SAIEMASUS-i7/DEBUG/locust.runners: Stopping Greenlet-26
[2023-06-12 13:01:49,102] SAIEMASUS-i7/DEBUG/locust.runners: Stopping Greenlet-27
[2023-06-12 13:01:49,102] SAIEMASUS-i7/DEBUG/locust.runners: Stopping Greenlet-28
[2023-06-12 13:01:49,102] SAIEMASUS-i7/DEBUG/locust.runners: Stopping Greenlet-29
[2023-06-12 13:01:49,102] SAIEMASUS-i7/DEBUG/locust.runners: Stopping Greenlet-30
[2023-06-12 13:01:49,102] SAIEMASUS-i7/DEBUG/locust.runners: Stopping Greenlet-31
[2023-06-12 13:01:49,102] SAIEMASUS-i7/DEBUG/locust.runners: Stopping Greenlet-32
[2023-06-12 13:01:49,103] SAIEMASUS-i7/DEBUG/locust.runners: Stopping Greenlet-33
[2023-06-12 13:01:49,103] SAIEMASUS-i7/DEBUG/locust.runners: Stopping Greenlet-34
[2023-06-12 13:01:49,103] SAIEMASUS-i7/DEBUG/locust.runners: Stopping Greenlet-35
[2023-06-12 13:01:49,103] SAIEMASUS-i7/DEBUG/locust.runners: Stopping Greenlet-36
[2023-06-12 13:01:49,103] SAIEMASUS-i7/DEBUG/locust.runners: Stopping Greenlet-37
[2023-06-12 13:01:49,103] SAIEMASUS-i7/DEBUG/locust.runners: Stopping Greenlet-38
[2023-06-12 13:01:49,103] SAIEMASUS-i7/DEBUG/locust.runners: Stopping Greenlet-39
[2023-06-12 13:01:49,103] SAIEMASUS-i7/DEBUG/locust.runners: Stopping Greenlet-40
[2023-06-12 13:01:49,104] SAIEMASUS-i7/DEBUG/locust.runners: Stopping Greenlet-41
[2023-06-12 13:01:49,104] SAIEMASUS-i7/DEBUG/locust.runners: Stopping Greenlet-42
[2023-06-12 13:01:49,104] SAIEMASUS-i7/DEBUG/locust.runners: Stopping Greenlet-43
[2023-06-12 13:01:49,104] SAIEMASUS-i7/DEBUG/locust.runners: Stopping Greenlet-44
[2023-06-12 13:01:49,104] SAIEMASUS-i7/DEBUG/locust.runners: Stopping Greenlet-45
[2023-06-12 13:01:49,104] SAIEMASUS-i7/DEBUG/locust.runners: Stopping Greenlet-46
[2023-06-12 13:01:49,104] SAIEMASUS-i7/DEBUG/locust.runners: Stopping Greenlet-47
[2023-06-12 13:01:49,104] SAIEMASUS-i7/DEBUG/locust.runners: Stopping Greenlet-48
[2023-06-12 13:01:49,105] SAIEMASUS-i7/DEBUG/locust.runners: Stopping Greenlet-49
[2023-06-12 13:01:49,124] SAIEMASUS-i7/DEBUG/locust.runners: 50 users have been stopped, 0 still running
[2023-06-12 13:01:56,991] SAIEMASUS-i7/DEBUG/locust.main: Running teardowns...
[2023-06-12 13:01:56,991] SAIEMASUS-i7/INFO/locust.main: Shutting down (exit code 1)
[2023-06-12 13:01:56,992] SAIEMASUS-i7/DEBUG/locust.main: Cleaning up runner...
